Der Buildvorgang wurde am 14.07.2015 11:49:20 gestartet.
     1>Projekt "C:\Users\david\Documents\Visual Studio 2013\Projects\FastMultiplication\FastMultiplication\FastMultiplication.vcxproj" auf Knoten "2", Build Ziel(e).
     1>ClCompile:
         C:\Program Files (x86)\Microsoft Visual Studio 12.0\VC\bin\CL.exe /c /ZI /nologo /W3 /WX- /Od /Oy- /D WIN32 /D _DEBUG /D _CONSOLE /D _LIB /D _UNICODE /D UNICODE /Gm /EHsc /RTC1 /MDd /GS /fp:precise /Zc:wchar_t /Zc:forScope /Fo"Debug\\" /Fd"Debug\vc120.pdb" /Gd /TP /analyze- /errorReport:prompt Main.cpp
         Main.cpp
     1>c:\users\david\documents\visual studio 2013\projects\fastmultiplication\fastmultiplication\schnellemultiplikation.h(58): warning C4018: '<': Konflikt zwischen 'signed' und 'unsigned'
     1>c:\users\david\documents\visual studio 2013\projects\fastmultiplication\fastmultiplication\schnellemultiplikation.h(218): warning C4244: '=': Konvertierung von 'double' in 'int', möglicher Datenverlust
     1>c:\users\david\documents\visual studio 2013\projects\fastmultiplication\fastmultiplication\main.cpp(210): warning C4244: 'Initialisierung': Konvertierung von 'double' in 'int', möglicher Datenverlust
     1>c:\users\david\documents\visual studio 2013\projects\fastmultiplication\fastmultiplication\main.cpp(211): warning C4244: '=': Konvertierung von 'double' in 'int', möglicher Datenverlust
     1>c:\users\david\documents\visual studio 2013\projects\fastmultiplication\fastmultiplication\schnellemultiplikation.h(322): warning C4244: 'Initialisierung': Konvertierung von 'double' in 'int', möglicher Datenverlust
                 c:\users\david\documents\visual studio 2013\projects\fastmultiplication\fastmultiplication\main.cpp(212): Siehe Verweis auf die Instanziierung der gerade kompilierten Funktions-template "BadicRepresentation<2> FastMultiply<2>(BadicRepresentation<2>,BadicRepresentation<2>,int)".
     1>c:\users\david\documents\visual studio 2013\projects\fastmultiplication\fastmultiplication\schnellemultiplikation.h(341): warning C4018: '<': Konflikt zwischen 'signed' und 'unsigned'
     1>c:\users\david\documents\visual studio 2013\projects\fastmultiplication\fastmultiplication\schnellemultiplikation.h(360): warning C4018: '<': Konflikt zwischen 'signed' und 'unsigned'
     1>c:\users\david\documents\visual studio 2013\projects\fastmultiplication\fastmultiplication\schnellemultiplikation.h(376): warning C4018: '<': Konflikt zwischen 'signed' und 'unsigned'
     1>c:\users\david\documents\visual studio 2013\projects\fastmultiplication\fastmultiplication\schnellemultiplikation.h(379): warning C4018: '<': Konflikt zwischen 'signed' und 'unsigned'
     1>c:\users\david\documents\visual studio 2013\projects\fastmultiplication\fastmultiplication\schnellemultiplikation.h(394): warning C4018: '<': Konflikt zwischen 'signed' und 'unsigned'
     1>c:\users\david\documents\visual studio 2013\projects\fastmultiplication\fastmultiplication\schnellemultiplikation.h(417): warning C4018: '<': Konflikt zwischen 'signed' und 'unsigned'
     1>c:\users\david\documents\visual studio 2013\projects\fastmultiplication\fastmultiplication\fundamentalealgorithmen.h(26): warning C4018: '<=': Konflikt zwischen 'signed' und 'unsigned'
                 c:\users\david\documents\visual studio 2013\projects\fastmultiplication\fastmultiplication\schnellemultiplikation.h(201): Siehe Verweis auf die Instanziierung der gerade kompilierten Funktions-template "BadicRepresentation<2> FundamentalAdd<2>(const BadicRepresentation<2> &,const BadicRepresentation<2> &)".
                 c:\users\david\documents\visual studio 2013\projects\fastmultiplication\fastmultiplication\main.cpp(203): Siehe Verweis auf die Instanziierung der gerade kompilierten Funktions-template "BadicRepresentation<2> ChangeBase<10>(BadicRepresentation<10>)".
     1>c:\users\david\documents\visual studio 2013\projects\fastmultiplication\fastmultiplication\fundamentalealgorithmen.h(74): warning C4018: '<=': Konflikt zwischen 'signed' und 'unsigned'
     1>c:\users\david\documents\visual studio 2013\projects\fastmultiplication\fastmultiplication\schnellemultiplikation.h(88): warning C4018: '<=': Konflikt zwischen 'signed' und 'unsigned'
                 c:\users\david\documents\visual studio 2013\projects\fastmultiplication\fastmultiplication\schnellemultiplikation.h(401): Siehe Verweis auf die Instanziierung der gerade kompilierten Funktions-template "std::vector<BadicRepresentation<2>,std::allocator<_Ty>> FastdFT<2>(const IntegerPolynom<2> &,int,const std::vector<_Ty,std::allocator<_Ty>> &)".
                 with
                 [
                     _Ty=BadicRepresentation<2>
                 ]
                 c:\users\david\documents\visual studio 2013\projects\fastmultiplication\fastmultiplication\main.cpp(212): Siehe Verweis auf die Instanziierung der gerade kompilierten Funktions-template "BadicRepresentation<2> FastMultiply<2>(BadicRepresentation<2>,BadicRepresentation<2>,int)".
     1>c:\users\david\documents\visual studio 2013\projects\fastmultiplication\fastmultiplication\schnellemultiplikation.h(40): warning C4018: '<': Konflikt zwischen 'signed' und 'unsigned'
                 c:\users\david\documents\visual studio 2013\projects\fastmultiplication\fastmultiplication\schnellemultiplikation.h(438): Siehe Verweis auf die Instanziierung der gerade kompilierten Funktions-template "std::vector<BadicRepresentation<2>,std::allocator<_Ty>> zetainv<2>(std::vector<_Ty,std::allocator<_Ty>>)".
                 with
                 [
                     _Ty=BadicRepresentation<2>
                 ]
     1>c:\users\david\documents\visual studio 2013\projects\fastmultiplication\fastmultiplication\fundamentalealgorithmen.h(182): warning C4018: '>=': Konflikt zwischen 'signed' und 'unsigned'
                 c:\users\david\documents\visual studio 2013\projects\fastmultiplication\fastmultiplication\schnellemultiplikation.h(442): Siehe Verweis auf die Instanziierung der gerade kompilierten Funktions-template "std::vector<BadicRepresentation<2>,std::allocator<_Ty>> FundamentalDivision<2>(const BadicRepresentation<2> &,const BadicRepresentation<2> &,bool)".
                 with
                 [
                     _Ty=BadicRepresentation<2>
                 ]
     1>c:\users\david\documents\visual studio 2013\projects\fastmultiplication\fastmultiplication\fundamentalealgorithmen.h(185): warning C4018: '>': Konflikt zwischen 'signed' und 'unsigned'
     1>c:\users\david\documents\visual studio 2013\projects\fastmultiplication\fastmultiplication\fundamentalealgorithmen.h(189): warning C4018: '>': Konflikt zwischen 'signed' und 'unsigned'
     1>c:\users\david\documents\visual studio 2013\projects\fastmultiplication\fastmultiplication\fundamentalealgorithmen.h(205): warning C4018: '>': Konflikt zwischen 'signed' und 'unsigned'
     1>c:\users\david\documents\visual studio 2013\projects\fastmultiplication\fastmultiplication\polynome.h(77): warning C4018: '>=': Konflikt zwischen 'signed' und 'unsigned'
                 c:\users\david\documents\visual studio 2013\projects\fastmultiplication\fastmultiplication\polynome.h(76): Bei der Kompilierung der  Klassen-template der BadicRepresentation<2> IntegerPolynom<2>::operator ()(int) const-Memberfunktion
                 c:\users\david\documents\visual studio 2013\projects\fastmultiplication\fastmultiplication\schnellemultiplikation.h(89): Siehe Verweis auf die Instanziierung der gerade kompilierten Funktions-template "BadicRepresentation<2> IntegerPolynom<2>::operator ()(int) const".
                 c:\users\david\documents\visual studio 2013\projects\fastmultiplication\fastmultiplication\polynome.h(50): Bei der Kompilierung der  Klassen-template der IntegerPolynom<2>::IntegerPolynom(const std::vector<BadicRepresentation<2>,std::allocator<_Ty>> &)-Memberfunktion
                 with
                 [
                     _Ty=BadicRepresentation<2>
                 ]
                 c:\users\david\documents\visual studio 2013\projects\fastmultiplication\fastmultiplication\schnellemultiplikation.h(384): Siehe Verweis auf die Instanziierung der gerade kompilierten Funktions-template "IntegerPolynom<2>::IntegerPolynom(const std::vector<BadicRepresentation<2>,std::allocator<_Ty>> &)".
                 with
                 [
                     _Ty=BadicRepresentation<2>
                 ]
                 c:\users\david\documents\visual studio 2013\projects\fastmultiplication\fastmultiplication\schnellemultiplikation.h(384): Siehe Verweis auf die Instanziierung der gerade kompilierten Klassen-template "IntegerPolynom<2>".
     1>c:\users\david\documents\visual studio 2013\projects\fastmultiplication\fastmultiplication\schnellemultiplikation.h(20): warning C4018: '<': Konflikt zwischen 'signed' und 'unsigned'
                 c:\users\david\documents\visual studio 2013\projects\fastmultiplication\fastmultiplication\schnellemultiplikation.h(95): Siehe Verweis auf die Instanziierung der gerade kompilierten Funktions-template "std::vector<BadicRepresentation<2>,std::allocator<_Ty>> zetaquad<2>(std::vector<_Ty,std::allocator<_Ty>>)".
                 with
                 [
                     _Ty=BadicRepresentation<2>
                 ]
                 c:\users\david\documents\visual studio 2013\projects\fastmultiplication\fastmultiplication\schnellemultiplikation.h(401): Siehe Verweis auf die Instanziierung der gerade kompilierten Funktions-template "std::vector<BadicRepresentation<2>,std::allocator<_Ty>> FastdFT<2>(const IntegerPolynom<2> &,int,const std::vector<_Ty,std::allocator<_Ty>> &)".
                 with
                 [
                     _Ty=BadicRepresentation<2>
                 ]
       Link:
         C:\Program Files (x86)\Microsoft Visual Studio 12.0\VC\bin\link.exe /ERRORREPORT:PROMPT /OUT:"C:\Users\david\Documents\Visual Studio 2013\Projects\FastMultiplication\Debug\FastMultiplication.exe" /INCREMENTAL /NOLOGO kernel32.lib user32.lib gdi32.lib winspool.lib comdlg32.lib advapi32.lib shell32.lib ole32.lib oleaut32.lib uuid.lib odbc32.lib odbccp32.lib /MANIFEST /MANIFESTUAC:"level='asInvoker' uiAccess='false'" /manifest:embed /DEBUG /PDB:"C:\Users\david\Documents\Visual Studio 2013\Projects\FastMultiplication\Debug\FastMultiplication.pdb" /SUBSYSTEM:CONSOLE /TLBID:1 /DYNAMICBASE /NXCOMPAT /IMPLIB:"C:\Users\david\Documents\Visual Studio 2013\Projects\FastMultiplication\Debug\FastMultiplication.lib" /MACHINE:X86 Debug\Main.obj
         FastMultiplication.vcxproj -> C:\Users\david\Documents\Visual Studio 2013\Projects\FastMultiplication\Debug\FastMultiplication.exe
     1>Die Erstellung des Projekts "C:\Users\david\Documents\Visual Studio 2013\Projects\FastMultiplication\FastMultiplication\FastMultiplication.vcxproj" ist abgeschlossen, Build Ziel(e).

Build erfolgreich.

Verstrichene Zeit 00:00:01.23
